{
  "stats": {
    "suites": 1,
    "tests": 4,
    "passes": 4,
    "pending": 0,
    "failures": 0,
    "start": "2022-12-06T12:57:07.898Z",
    "end": "2022-12-06T12:57:20.521Z",
    "duration": 12623,
    "testsRegistered": 4,
    "passPercent": 100,
    "pendingPercent": 0,
    "other": 0,
    "hasOther": false,
    "skipped": 0,
    "hasSkipped": false
  },
  "results": [
    {
      "uuid": "7b7cf88a-af8a-43b3-9f0f-ebd568610dfc",
      "title": "",
      "fullFile": "cypress\\Integration\\features\\home.feature",
      "file": "cypress\\Integration\\features\\home.feature",
      "beforeHooks": [],
      "afterHooks": [],
      "tests": [],
      "suites": [
        {
          "uuid": "e07c3f0b-0455-4a86-92a5-ef912b564c52",
          "title": "Home page validation",
          "fullFile": "",
          "file": "",
          "beforeHooks": [],
          "afterHooks": [],
          "tests": [
            {
              "title": "TC#001_HomeTestCase (example #1)",
              "fullTitle": "Home page validation TC#001_HomeTestCase (example #1)",
              "timedOut": null,
              "duration": 3815,
              "state": "passed",
              "speed": "fast",
              "pass": true,
              "fail": false,
              "pending": false,
              "context": null,
              "code": "const state = window.testState;\nreturn cy\n  .then(() => state.onStartScenario(scenario, indexedSteps))\n  .then(() =>\n    resolveAndRunBeforeHooks.call(this, scenario.tags, state.feature.name)\n  )\n  .then(() =>\n    indexedSteps.forEach((step) =>\n      stepTest.call(this, state, step, rowData)\n    )\n  )\n  .then(() => state.onFinishScenario(scenario));",
              "err": {},
              "uuid": "213a58ee-38dd-4d67-a18b-83c5cd1d363e",
              "parentUUID": "e07c3f0b-0455-4a86-92a5-ef912b564c52",
              "isHook": false,
              "skipped": false
            },
            {
              "title": "TC#001_HomeTestCase (example #2)",
              "fullTitle": "Home page validation TC#001_HomeTestCase (example #2)",
              "timedOut": null,
              "duration": 1720,
              "state": "passed",
              "speed": "fast",
              "pass": true,
              "fail": false,
              "pending": false,
              "context": null,
              "code": "const state = window.testState;\nreturn cy\n  .then(() => state.onStartScenario(scenario, indexedSteps))\n  .then(() =>\n    resolveAndRunBeforeHooks.call(this, scenario.tags, state.feature.name)\n  )\n  .then(() =>\n    indexedSteps.forEach((step) =>\n      stepTest.call(this, state, step, rowData)\n    )\n  )\n  .then(() => state.onFinishScenario(scenario));",
              "err": {},
              "uuid": "1574ea81-3804-4312-b206-3aefce265627",
              "parentUUID": "e07c3f0b-0455-4a86-92a5-ef912b564c52",
              "isHook": false,
              "skipped": false
            },
            {
              "title": "TC#002_HomeTestCase (example #1)",
              "fullTitle": "Home page validation TC#002_HomeTestCase (example #1)",
              "timedOut": null,
              "duration": 1596,
              "state": "passed",
              "speed": "fast",
              "pass": true,
              "fail": false,
              "pending": false,
              "context": null,
              "code": "const state = window.testState;\nreturn cy\n  .then(() => state.onStartScenario(scenario, indexedSteps))\n  .then(() =>\n    resolveAndRunBeforeHooks.call(this, scenario.tags, state.feature.name)\n  )\n  .then(() =>\n    indexedSteps.forEach((step) =>\n      stepTest.call(this, state, step, rowData)\n    )\n  )\n  .then(() => state.onFinishScenario(scenario));",
              "err": {},
              "uuid": "83e21f20-43e5-4980-89f3-e6235458ec34",
              "parentUUID": "e07c3f0b-0455-4a86-92a5-ef912b564c52",
              "isHook": false,
              "skipped": false
            },
            {
              "title": "TC#003_PDPTestCase_Validation (example #1)",
              "fullTitle": "Home page validation TC#003_PDPTestCase_Validation (example #1)",
              "timedOut": null,
              "duration": 5118,
              "state": "passed",
              "speed": "medium",
              "pass": true,
              "fail": false,
              "pending": false,
              "context": null,
              "code": "const state = window.testState;\nreturn cy\n  .then(() => state.onStartScenario(scenario, indexedSteps))\n  .then(() =>\n    resolveAndRunBeforeHooks.call(this, scenario.tags, state.feature.name)\n  )\n  .then(() =>\n    indexedSteps.forEach((step) =>\n      stepTest.call(this, state, step, rowData)\n    )\n  )\n  .then(() => state.onFinishScenario(scenario));",
              "err": {},
              "uuid": "2d3cb35e-f19c-4bb4-8e4f-c8965b350f7a",
              "parentUUID": "e07c3f0b-0455-4a86-92a5-ef912b564c52",
              "isHook": false,
              "skipped": false
            }
          ],
          "suites": [],
          "passes": [
            "213a58ee-38dd-4d67-a18b-83c5cd1d363e",
            "1574ea81-3804-4312-b206-3aefce265627",
            "83e21f20-43e5-4980-89f3-e6235458ec34",
            "2d3cb35e-f19c-4bb4-8e4f-c8965b350f7a"
          ],
          "failures": [],
          "pending": [],
          "skipped": [],
          "duration": 12249,
          "root": false,
          "rootEmpty": false,
          "_timeout": 2000
        }
      ],
      "passes": [],
      "failures": [],
      "pending": [],
      "skipped": [],
      "duration": 0,
      "root": true,
      "rootEmpty": true,
      "_timeout": 2000
    }
  ],
  "meta": {
    "mocha": {
      "version": "7.0.1"
    },
    "mochawesome": {
      "options": {
        "quiet": false,
        "reportFilename": "mochawesome",
        "saveHtml": false,
        "saveJson": true,
        "consoleReporter": "spec",
        "useInlineDiffs": false,
        "code": true
      },
      "version": "7.1.3"
    },
    "marge": {
      "options": {
        "charts": true,
        "reportPageTitle": "Automation Report",
        "embeddedScreenshots": true,
        "inlineAssets": true,
        "saveAllAttempts": true,
        "overwrite": false,
        "html": false,
        "json": true,
        "reportDir": "cypress\\reports\\html\\.jsons"
      },
      "version": "6.2.0"
    }
  }
}