{
  "stats": {
    "suites": 1,
    "tests": 2,
    "passes": 2,
    "pending": 0,
    "failures": 0,
    "start": "2022-12-06T12:57:48.400Z",
    "end": "2022-12-06T12:57:59.930Z",
    "duration": 11530,
    "testsRegistered": 2,
    "passPercent": 100,
    "pendingPercent": 0,
    "other": 0,
    "hasOther": false,
    "skipped": 0,
    "hasSkipped": false
  },
  "results": [
    {
      "uuid": "bed14952-aa7e-43b3-8ae8-c24917c50a7e",
      "title": "",
      "fullFile": "cypress\\Integration\\features\\login.feature",
      "file": "cypress\\Integration\\features\\login.feature",
      "beforeHooks": [],
      "afterHooks": [],
      "tests": [],
      "suites": [
        {
          "uuid": "1d8c2aa3-f305-45f2-98af-857e21096f22",
          "title": "Login Page Validation",
          "fullFile": "",
          "file": "",
          "beforeHooks": [],
          "afterHooks": [],
          "tests": [
            {
              "title": "TC#004_PDPTestCase_Validation (example #1)",
              "fullTitle": "Login Page Validation TC#004_PDPTestCase_Validation (example #1)",
              "timedOut": null,
              "duration": 7104,
              "state": "passed",
              "speed": "medium",
              "pass": true,
              "fail": false,
              "pending": false,
              "context": null,
              "code": "const state = window.testState;\nreturn cy\n  .then(() => state.onStartScenario(scenario, indexedSteps))\n  .then(() =>\n    resolveAndRunBeforeHooks.call(this, scenario.tags, state.feature.name)\n  )\n  .then(() =>\n    indexedSteps.forEach((step) =>\n      stepTest.call(this, state, step, rowData)\n    )\n  )\n  .then(() => state.onFinishScenario(scenario));",
              "err": {},
              "uuid": "bb33905a-322a-4329-b5b8-15d49eb03862",
              "parentUUID": "1d8c2aa3-f305-45f2-98af-857e21096f22",
              "isHook": false,
              "skipped": false
            },
            {
              "title": "TC#005_PDPTestCase_Validation (example #1)",
              "fullTitle": "Login Page Validation TC#005_PDPTestCase_Validation (example #1)",
              "timedOut": null,
              "duration": 4099,
              "state": "passed",
              "speed": "fast",
              "pass": true,
              "fail": false,
              "pending": false,
              "context": null,
              "code": "const state = window.testState;\nreturn cy\n  .then(() => state.onStartScenario(scenario, indexedSteps))\n  .then(() =>\n    resolveAndRunBeforeHooks.call(this, scenario.tags, state.feature.name)\n  )\n  .then(() =>\n    indexedSteps.forEach((step) =>\n      stepTest.call(this, state, step, rowData)\n    )\n  )\n  .then(() => state.onFinishScenario(scenario));",
              "err": {},
              "uuid": "c916b336-3ea8-4dd5-be5e-8bfb892886fb",
              "parentUUID": "1d8c2aa3-f305-45f2-98af-857e21096f22",
              "isHook": false,
              "skipped": false
            }
          ],
          "suites": [],
          "passes": [
            "bb33905a-322a-4329-b5b8-15d49eb03862",
            "c916b336-3ea8-4dd5-be5e-8bfb892886fb"
          ],
          "failures": [],
          "pending": [],
          "skipped": [],
          "duration": 11203,
          "root": false,
          "rootEmpty": false,
          "_timeout": 2000
        }
      ],
      "passes": [],
      "failures": [],
      "pending": [],
      "skipped": [],
      "duration": 0,
      "root": true,
      "rootEmpty": true,
      "_timeout": 2000
    }
  ],
  "meta": {
    "mocha": {
      "version": "7.0.1"
    },
    "mochawesome": {
      "options": {
        "quiet": false,
        "reportFilename": "mochawesome",
        "saveHtml": false,
        "saveJson": true,
        "consoleReporter": "spec",
        "useInlineDiffs": false,
        "code": true
      },
      "version": "7.1.3"
    },
    "marge": {
      "options": {
        "charts": true,
        "reportPageTitle": "Automation Report",
        "embeddedScreenshots": true,
        "inlineAssets": true,
        "saveAllAttempts": true,
        "overwrite": false,
        "html": false,
        "json": true,
        "reportDir": "cypress\\reports\\html\\.jsons"
      },
      "version": "6.2.0"
    }
  }
}